[debug] [2022-01-05T05:46:34.832Z] ----------------------------------------------------------------------
[debug] [2022-01-05T05:46:34.834Z] Command:       C:\Program Files\nodejs\node.exe C:\Users\aklum\AppData\Roaming\npm\node_modules\firebase-tools\lib\bin\firebase.js init
[debug] [2022-01-05T05:46:34.835Z] CLI Version:   9.22.0
[debug] [2022-01-05T05:46:34.835Z] Platform:      win32
[debug] [2022-01-05T05:46:34.835Z] Node Version:  v16.13.0
[debug] [2022-01-05T05:46:34.836Z] Time:          Wed Jan 05 2022 14:46:34 GMT+0900 (日本標準時)
[debug] [2022-01-05T05:46:34.836Z] ----------------------------------------------------------------------
[debug] 
[debug] [2022-01-05T05:46:34.907Z] > command requires scopes: ["email","openid","https://www.googleapis.com/auth/cloudplatformprojects.readonly","https://www.googleapis.com/auth/firebase","https://www.googleapis.com/auth/cloud-platform"]
[debug] [2022-01-05T05:46:34.908Z] > authorizing via signed-in user (ak.lumina.inc@gmail.com)
[info] 
     ######## #### ########  ######## ########     ###     ######  ########
     ##        ##  ##     ## ##       ##     ##  ##   ##  ##       ##
     ######    ##  ########  ######   ########  #########  ######  ######
     ##        ##  ##    ##  ##       ##     ## ##     ##       ## ##
     ##       #### ##     ## ######## ########  ##     ##  ######  ########

You're about to initialize a Firebase project in this directory:

  C:\Users\aklum\OneDrive\ドキュメント\bid\BID_Admin

Before we get started, keep in mind:

  * You are initializing within an existing Firebase project directory

